<?xml version="1.0" encoding="UTF-8"?>
<!-- Generated by org.testng.reporters.JUnitReportReporter -->
<testsuite skipped="0" hostname="Mike-PC" name="test.day1" tests="2" failures="0" timestamp="2021-07-21T16:48:54 EDT" time="0.011" errors="0">
  <testcase name="Demo" time="0.009" classname="test.day1"/>
  <system-out/>
  <testcase name="Test2" time="0.002" classname="test.day1"/>
  <system-out/>
</testsuite> <!-- test.day1 -->
