<?xml version="1.0" encoding="UTF-8"?>
<!-- Generated by org.testng.reporters.JUnitReportReporter -->
<testsuite skipped="0" hostname="Mike-PC" name="test.day2" tests="1" failures="0" timestamp="2021-07-21T16:48:54 EDT" time="0.003" errors="0">
  <testcase name="ploan" time="0.003" classname="test.day2"/>
  <system-out/>
</testsuite> <!-- test.day2 -->
